{"name": "test_katalon_login_positive", "status": "broken", "statusDetails": {"message": "selenium.common.exceptions.TimeoutException: Message:", "trace": "setup = <selenium.webdriver.chrome.webdriver.WebDriver (session=\"13217cc709d023c309b8535bf7fafb6e\")>\n\n    @allure.epic(\"katalon Login Test\")\n    @allure.feature(\"TC#1 - VWO App Positive Test\")\n    @pytest.mark.positive\n    def test_katalon_login_positive(setup):\n        driver = setup\n        katalonloginpage = LoginPage(driver)\n        katalonloginpage.login_to_katalon(usr=\"John Doe\",pwd=\"ThisIsNotAPassword\")\n        time.sleep(5)\n    \n        allure.attach(driver.get_screenshot_as_png(), name=\" Login-Screenshot\", attachment_type=AttachmentType.PNG)\n        wait = WebDriverWait(driver,timeout=10)\n>       wait.until(EC.alert_is_present())\n\ntest_katalon_login.py:44: \n_ _ _ _ _ _ _ _ _ _ _ _ _ _ _ _ _ _ _ _ _ _ _ _ _ _ _ _ _ _ _ _ _ _ _ _ _ _ _ _ _ _ _ _ _ _ _ _ _ _ _ _ _ _ _ _ _ _ _ _ _ _ _ _ _ _ _ _ _ _ _ _ _ _ _ _ _ _ _ _ _ _ _ _ _ _ _ _ _ _ _ _ _ _ _ _ _ _ _ _ _ _ _ _ _ _ _ _ _ _ _ _ _ _ _ _ \n\nself = <selenium.webdriver.support.wait.WebDriverWait (session=\"13217cc709d023c309b8535bf7fafb6e\")>, method = <function alert_is_present.<locals>._predicate at 0x104b3cae0>, message = ''\n\n    def until(self, method: Callable[[D], Union[Literal[False], T]], message: str = \"\") -> T:\n        \"\"\"Calls the method provided with the driver as an argument until the \\\n        return value does not evaluate to ``False``.\n    \n        :param method: callable(WebDriver)\n        :param message: optional message for :exc:`TimeoutException`\n        :returns: the result of the last call to `method`\n        :raises: :exc:`selenium.common.exceptions.TimeoutException` if timeout occurs\n        \"\"\"\n        screen = None\n        stacktrace = None\n    \n        end_time = time.monotonic() + self._timeout\n        while True:\n            try:\n                value = method(self._driver)\n                if value:\n                    return value\n            except self._ignored_exceptions as exc:\n                screen = getattr(exc, \"screen\", None)\n                stacktrace = getattr(exc, \"stacktrace\", None)\n            time.sleep(self._poll)\n            if time.monotonic() > end_time:\n                break\n>       raise TimeoutException(message, screen, stacktrace)\nE       selenium.common.exceptions.TimeoutException: Message:\n\n../../.venv/lib/python3.12/site-packages/selenium/webdriver/support/wait.py:105: TimeoutException"}, "attachments": [{"name": " Login-Screenshot", "source": "0803ab3e-b393-41ee-9c1b-caab0c6d9a76-attachment.png", "type": "image/png"}], "start": 1715605771401, "stop": 1715605787674, "uuid": "37a01109-5260-4de2-8564-6104f68727f3", "historyId": "925732dc0ae8b660a1cffaedba05a663", "testCaseId": "925732dc0ae8b660a1cffaedba05a663", "fullName": "katalontests.katalon_logintest.test_katalon_login#test_katalon_login_positive", "labels": [{"name": "feature", "value": "TC#1 - VWO App Positive Test"}, {"name": "epic", "value": "katalon Login Test"}, {"name": "tag", "value": "positive"}, {"name": "parentSuite", "value": "katalontests.katalon_logintest"}, {"name": "suite", "value": "test_katalon_login"}, {"name": "host", "value": "Aravinds-Mac-mini.local"}, {"name": "thread", "value": "2322-MainThread"}, {"name": "framework", "value": "pytest"}, {"name": "language", "value": "cpython3"}, {"name": "package", "value": "katalontests.katalon_logintest.test_katalon_login"}]}